0 info it worked if it ends with ok
1 verbose cli [ 'C:\\Program Files\\nodejs\\node.exe',
1 verbose cli   'C:\\Program Files\\nodejs\\node_modules\\npm\\bin\\npm-cli.js',
1 verbose cli   'run',
1 verbose cli   'bundle' ]
2 info using npm@3.10.10
3 info using node@v7.2.1
4 verbose run-script [ 'prebundle', 'bundle', 'postbundle' ]
5 info lifecycle react-passport-tutorial@1.0.0~prebundle: react-passport-tutorial@1.0.0
6 silly lifecycle react-passport-tutorial@1.0.0~prebundle: no script for prebundle, continuing
7 info lifecycle react-passport-tutorial@1.0.0~bundle: react-passport-tutorial@1.0.0
8 verbose lifecycle react-passport-tutorial@1.0.0~bundle: unsafe-perm in lifecycle true
9 verbose lifecycle react-passport-tutorial@1.0.0~bundle: PATH: C:\Program Files\nodejs\node_modules\npm\bin\node-gyp-bin;C:\Users\Bones\Documents\UCLA_Bootcamp\tutorials\react-passport-tutorial\node_modules\.bin;C:\Users\Bones\bin;C:\Program Files\Git\mingw64\bin;C:\Program Files\Git\usr\local\bin;C:\Program Files\Git\usr\bin;C:\Program Files\Git\usr\bin;C:\Program Files\Git\mingw64\bin;C:\Program Files\Git\usr\bin;C:\Users\Bones\bin;C:\ProgramData\Oracle\Java\javapath;C:\Program Files (x86)\Intel\iCLS Client;C:\Program Files\Intel\iCLS Client;C:\Windows\system32;C:\Windows;C:\Windows\System32\Wbem;C:\Windows\System32\WindowsPowerShell\v1.0;C:\Program Files\Intel\Intel(R) Management Engine Components\DAL;C:\Program Files (x86)\Intel\Intel(R) Management Engine Components\DAL;C:\Program Files\Intel\Intel(R) Management Engine Components\IPT;C:\Program Files (x86)\Intel\Intel(R) Management Engine Components\IPT;C:\Program Files\Lenovo\Fingerprint Manager Pro;C:\Program Files (x86)\Common Files\Lenovo;C:\Program Files (x86)\Common Files\lenovo\easyplussdk\bin;C:\SWTOOLS\ReadyApps;C:\Program Files (x86)\Skype\Phone;C:\Program Files\Git\cmd;C:\Program Files (x86)\Heroku\bin;C:\Program Files (x86)\git\cmd;C:\Program Files (x86)\Git\cmd;C:\Program Files\nodejs;C:\Program Files\Intel\WiFi\bin;C:\Program Files\Common Files\Intel\WirelessCommon;C:\Program Files (x86)\Lenovo\Access Connections\C;C:\Program Files\Git\Program Files\MongoDB\Server\3.4\bin;C:\Program Files (x86)\Microsoft VS Code\bin;C:\Users\Bones\AppData\Roaming\npm;C:\Program Files\Intel\WiFi\bin;C:\Program Files\Common Files\Intel\WirelessCommon;C:\Program Files\Java\jdk1.8.0_121\bin;C:\Program Files\Git\usr\bin\vendor_perl;C:\Program Files\Git\usr\bin\core_perl
10 verbose lifecycle react-passport-tutorial@1.0.0~bundle: CWD: C:\Users\Bones\Documents\UCLA_Bootcamp\tutorials\react-passport-tutorial
11 silly lifecycle react-passport-tutorial@1.0.0~bundle: Args: [ '/d /s /c', 'webpack' ]
12 silly lifecycle react-passport-tutorial@1.0.0~bundle: Returned: code: 1  signal: null
13 info lifecycle react-passport-tutorial@1.0.0~bundle: Failed to exec bundle script
14 verbose stack Error: react-passport-tutorial@1.0.0 bundle: `webpack`
14 verbose stack Exit status 1
14 verbose stack     at EventEmitter.<anonymous> (C:\Program Files\nodejs\node_modules\npm\lib\utils\lifecycle.js:255:16)
14 verbose stack     at emitTwo (events.js:106:13)
14 verbose stack     at EventEmitter.emit (events.js:191:7)
14 verbose stack     at ChildProcess.<anonymous> (C:\Program Files\nodejs\node_modules\npm\lib\utils\spawn.js:40:14)
14 verbose stack     at emitTwo (events.js:106:13)
14 verbose stack     at ChildProcess.emit (events.js:191:7)
14 verbose stack     at maybeClose (internal/child_process.js:885:16)
14 verbose stack     at Process.ChildProcess._handle.onexit (internal/child_process.js:226:5)
15 verbose pkgid react-passport-tutorial@1.0.0
16 verbose cwd C:\Users\Bones\Documents\UCLA_Bootcamp\tutorials\react-passport-tutorial
17 error Windows_NT 6.1.7601
18 error argv "C:\\Program Files\\nodejs\\node.exe" "C:\\Program Files\\nodejs\\node_modules\\npm\\bin\\npm-cli.js" "run" "bundle"
19 error node v7.2.1
20 error npm  v3.10.10
21 error code ELIFECYCLE
22 error react-passport-tutorial@1.0.0 bundle: `webpack`
22 error Exit status 1
23 error Failed at the react-passport-tutorial@1.0.0 bundle script 'webpack'.
23 error Make sure you have the latest version of node.js and npm installed.
23 error If you do, this is most likely a problem with the react-passport-tutorial package,
23 error not with npm itself.
23 error Tell the author that this fails on your system:
23 error     webpack
23 error You can get information on how to open an issue for this project with:
23 error     npm bugs react-passport-tutorial
23 error Or if that isn't available, you can get their info via:
23 error     npm owner ls react-passport-tutorial
23 error There is likely additional logging output above.
24 verbose exit [ 1, true ]
